<?xml version="1.0" encoding="UTF-8"?>
<!-- Generated by org.testng.reporters.JUnitReportReporter -->
<testsuite skipped="2" hostname="CDC2-L-HYBRMW2" name="testNG_Learning.HowToSetEnabled" tests="8" failures="0" timestamp="2020-09-13T06:55:11 IST" time="0.012" errors="0">
  <testcase name="moto2" time="0.007" classname="testNG_Learning.HowToSetEnabled"/>
  <system-out/>
  <testcase name="moto1" time="0.001" classname="testNG_Learning.HowToSetEnabled"/>
  <system-out/>
  <testcase name="vivo2" time="0.002" classname="testNG_Learning.HowToSetEnabled"/>
  <system-out/>
  <testcase name="vivo1" time="0.001" classname="testNG_Learning.HowToSetEnabled"/>
  <system-out/>
  <testcase name="Oppo" time="0.000" classname="testNG_Learning.HowToSetEnabled"/>
  <system-out/>
  <testcase name="Oppo1" time="0.001" classname="testNG_Learning.HowToSetEnabled"/>
  <system-out/>
  <testcase name="apple2" classname="testNG_Learning.HowToSetEnabled">
    <skipped/>
  </testcase> <!-- apple2 -->
  <system-out/>
  <testcase name="apple" classname="testNG_Learning.HowToSetEnabled">
    <skipped/>
  </testcase> <!-- apple -->
  <system-out/>
</testsuite> <!-- testNG_Learning.HowToSetEnabled -->
