<?xml version="1.0" encoding="UTF-8"?>
<!-- Generated by org.testng.reporters.JUnitReportReporter -->
<testsuite skipped="0" hostname="CDC2-L-HYBRMW2" name="testNG_Learning.TestSuiteUsing_testNG" tests="4" failures="0" timestamp="2020-09-13T10:35:50 IST" time="10.155" errors="0">
  <testcase name="instagram" time="1.506" classname="testNG_Learning.TestSuiteUsing_testNG"/>
  <system-out/>
  <testcase name="google" time="4.642" classname="testNG_Learning.TestSuiteUsing_testNG"/>
  <system-out/>
  <testcase name="gmail" time="1.466" classname="testNG_Learning.TestSuiteUsing_testNG"/>
  <system-out/>
  <testcase name="orkut" time="2.541" classname="testNG_Learning.TestSuiteUsing_testNG"/>
  <system-out/>
</testsuite> <!-- testNG_Learning.TestSuiteUsing_testNG -->
