<?xml version="1.0" encoding="UTF-8"?>
<!-- Generated by org.testng.reporters.JUnitReportReporter -->
<testsuite skipped="0" hostname="CDC2-L-HYBRMW2" name="testNG_Learning.ToSetPriority" tests="8" failures="0" timestamp="2020-09-13T11:12:57 IST" time="0.007" errors="0">
  <testcase name="moto2" time="0.000" classname="testNG_Learning.ToSetPriority"/>
  <system-out/>
  <testcase name="vivo1" time="0.001" classname="testNG_Learning.ToSetPriority"/>
  <system-out/>
  <testcase name="vivo2" time="0.001" classname="testNG_Learning.ToSetPriority"/>
  <system-out/>
  <testcase name="Oppo1" time="0.001" classname="testNG_Learning.ToSetPriority"/>
  <system-out/>
  <testcase name="apple" time="0.001" classname="testNG_Learning.ToSetPriority"/>
  <system-out/>
  <testcase name="apple2" time="0.001" classname="testNG_Learning.ToSetPriority"/>
  <system-out/>
  <testcase name="moto1" time="0.001" classname="testNG_Learning.ToSetPriority"/>
  <system-out/>
  <testcase name="Oppo" time="0.001" classname="testNG_Learning.ToSetPriority"/>
  <system-out/>
</testsuite> <!-- testNG_Learning.ToSetPriority -->
